<?xml version="1.0" encoding="utf-8"?>
<TestRun id="a1507c70-c39e-4bde-b92e-f480bc47a118" name="kcwalina@LAPTOP-6GJ410C8 2026-05-19 15:52:27" runUser="REDMOND\kcwalina" xmlns="http://microsoft.com/schemas/VisualStudio/TeamTest/2010">
  <Times creation="2026-05-19T15:52:27.2319888-07:00" queuing="2026-05-19T15:52:27.2319893-07:00" start="2026-05-19T15:52:25.9379243-07:00" finish="2026-05-19T15:52:27.2422874-07:00" />
  <TestSettings name="default" id="6ba6e6b9-197a-492d-9b7f-d0e70edf855f">
    <Deployment runDeploymentRoot="kcwalina_LAPTOP-6GJ410C8_2026-05-19_15_52_27" />
  </TestSettings>
  <Results>
    <UnitTestResult executionId="134a93e7-6950-4548-9f8a-afb2c47a327a" testId="8a6aa4aa-4ef3-b250-62f7-9451d0f436c8" testName="Run_CodeChecks_DetectsVarAndThreadSleep" computerName="LAPTOP-6GJ410C8" duration="00:00:00.3374490" startTime="2026-05-19T15:52:26.7158432-07:00" endTime="2026-05-19T15:52:27.0532090-07:00" testType="13cdc9d9-ddb5-4fa4-a97d-d965ccfc6d4b" outcome="Failed" testListId="8c84fa94-04c1-424b-9868-57a2d4851a1d" relativeResultsDirectory="134a93e7-6950-4548-9f8a-afb2c47a327a">
      <Output>
        <ErrorInfo>
          <Message>  Should detect var usage&#xD;
Assert.That(outputs.Any(d =&gt; d.Message.Contains("var")), Is.True)&#xD;
  Expected: True&#xD;
  But was:  False&#xD;
</Message>
          <StackTrace>   at Cop.Tests.Lang.CheckInterpreterTests.Run_CodeChecks_DetectsVarAndThreadSleep() in C:\git\cop\tests\Lang.Tests\Lang\ScriptInterpreterTests.cs:line 85&#xD;

1)    at Cop.Tests.Lang.CheckInterpreterTests.Run_CodeChecks_DetectsVarAndThreadSleep() in C:\git\cop\tests\Lang.Tests\Lang\ScriptInterpreterTests.cs:line 85&#xD;

</StackTrace>
        </ErrorInfo>
      </Output>
    </UnitTestResult>
  </Results>
  <TestDefinitions>
    <UnitTest name="Run_CodeChecks_DetectsVarAndThreadSleep" storage="c:\git\cop\tests\lang.tests\bin\debug\net10.0\lang.tests.dll" id="8a6aa4aa-4ef3-b250-62f7-9451d0f436c8">
      <Execution id="134a93e7-6950-4548-9f8a-afb2c47a327a" />
      <TestMethod codeBase="C:\git\cop\tests\Lang.Tests\bin\Debug\net10.0\Lang.Tests.dll" adapterTypeName="executor://nunit3testexecutor/" className="Cop.Tests.Lang.CheckInterpreterTests" name="Run_CodeChecks_DetectsVarAndThreadSleep" />
    </UnitTest>
  </TestDefinitions>
  <TestEntries>
    <TestEntry testId="8a6aa4aa-4ef3-b250-62f7-9451d0f436c8" executionId="134a93e7-6950-4548-9f8a-afb2c47a327a" testListId="8c84fa94-04c1-424b-9868-57a2d4851a1d" />
  </TestEntries>
  <TestLists>
    <TestList name="Results Not in a List" id="8c84fa94-04c1-424b-9868-57a2d4851a1d" />
    <TestList name="All Loaded Results" id="19431567-8539-422a-85d7-44ee4e166bda" />
  </TestLists>
  <ResultSummary outcome="Failed">
    <Counters total="1" executed="1" passed="0" failed="1" error="0" timeout="0" aborted="0" inconclusive="0" passedButRunAborted="0" notRunnable="0" notExecuted="0" disconnected="0" warning="0" completed="0" inProgress="0" pending="0" />
    <Output>
      <StdOut>NUnit Adapter 4.6.0.0: Test execution started&#xD;
Running selected tests in C:\git\cop\tests\Lang.Tests\bin\Debug\net10.0\Lang.Tests.dll&#xD;
   NUnit3TestExecutor discovered 1 of 1 NUnit test cases using Current Discovery mode, Non-Explicit run&#xD;
NUnit Adapter 4.6.0.0: Test execution complete&#xD;
</StdOut>
    </Output>
  </ResultSummary>
</TestRun>